

***********************************************************************
Fatal NI connect error 12541, connecting to:
 (DESCRIPTION=(CONNECT_DATA=(SID=*)(SERVICE_NAME=athena2.uni-heidelberg.de)(CID=(PROGRAM=)(HOST=athena2)(USER=root)))(ADDRESS=(PROTOCOL=TCP)(HOST=athena2)(PORT=1521)))

  VERSION INFORMATION:
	TNS for Linux: Version 9.2.0.4.0 - Production
	TCP/IP NT Protocol Adapter for Linux: Version 9.2.0.4.0 - Production
  Time: 30-AUG-2005 18:32:13
  Tracing not turned on.
  Tns error struct:
    nr err code: 0
    ns main err code: 12541
    TNS-12541: TNS:no listener
    ns secondary err code: 12560
    nt main err code: 511
    TNS-00511: No listener
    nt secondary err code: 111
    nt OS err code: 0


***********************************************************************
Fatal NI connect error 12514, connecting to:
 (DESCRIPTION=(CONNECT_DATA=(SID=*)(SERVICE_NAME=athena.uni-heidelberg.de)(CID=(PROGRAM=)(HOST=athena2)(USER=root)))(ADDRESS=(PROTOCOL=TCP)(HOST=athena)(PORT=1521)))

  VERSION INFORMATION:
	TNS for Linux: Version 9.2.0.4.0 - Production
	TCP/IP NT Protocol Adapter for Linux: Version 9.2.0.4.0 - Production
  Time: 30-AUG-2005 18:32:50
  Tracing not turned on.
  Tns error struct:
    nr err code: 0
    ns main err code: 12564
    TNS-12564: TNS:connection refused
    ns secondary err code: 0
    nt main err code: 0
    nt secondary err code: 0
    nt OS err code: 0
